<?xml version="1.0" encoding="UTF-8"?>
<testng-results ignored="0" total="1" passed="1" failed="0" skipped="0">
  <reporter-output>
  </reporter-output>
  <suite started-at="2023-01-30T18:20:34 IST" name="Suite" finished-at="2023-01-30T18:20:48 IST" duration-ms="13982">
    <groups>
    </groups>
    <test started-at="2023-01-30T18:20:34 IST" name="Test" finished-at="2023-01-30T18:20:48 IST" duration-ms="13982">
      <class name="testmavenproj.testmvnproj.test001">
        <test-method signature="checkmvntest()[pri:0, instance:testmavenproj.testmvnproj.test001@71def8f8]" started-at="2023-01-30T18:20:34 IST" name="checkmvntest" finished-at="2023-01-30T18:20:48 IST" duration-ms="13947" status="PASS">
          <reporter-output>
          </reporter-output>
        </test-method> <!-- checkmvntest -->
      </class> <!-- testmavenproj.testmvnproj.test001 -->
    </test> <!-- Test -->
  </suite> <!-- Suite -->
</testng-results>
