<?xml version="1.0" encoding="UTF-8"?>
<testng-results ignored="0" total="1" passed="1" failed="0" skipped="0">
  <reporter-output>
  </reporter-output>
  <suite started-at="2023-01-30T14:43:20 IST" name="Default suite" finished-at="2023-01-30T14:43:38 IST" duration-ms="17962">
    <groups>
    </groups>
    <test started-at="2023-01-30T14:43:20 IST" name="Default test" finished-at="2023-01-30T14:43:38 IST" duration-ms="17962">
      <class name="testmavenproj.testmvnproj.test001">
        <test-method signature="checkmvntest()[pri:0, instance:testmavenproj.testmvnproj.test001@6cd28fa7]" started-at="2023-01-30T14:43:20 IST" name="checkmvntest" finished-at="2023-01-30T14:43:38 IST" duration-ms="17913" status="PASS">
          <reporter-output>
          </reporter-output>
        </test-method> <!-- checkmvntest -->
      </class> <!-- testmavenproj.testmvnproj.test001 -->
    </test> <!-- Default test -->
  </suite> <!-- Default suite -->
</testng-results>
